  DM Hw 2.cpp
c:\users\kevin\source\repos\dm hw 2\dm hw 2\dm hw 2.cpp(103): warning C4244: '=': conversion from 'int' to 'float', possible loss of data
c:\users\kevin\source\repos\dm hw 2\dm hw 2\dm hw 2.cpp(112): warning C4244: '=': conversion from 'double' to 'float', possible loss of data
c:\users\kevin\source\repos\dm hw 2\dm hw 2\dm hw 2.cpp(113): warning C4244: '=': conversion from 'double' to 'float', possible loss of data
c:\users\kevin\source\repos\dm hw 2\dm hw 2\dm hw 2.cpp(114): warning C4244: '=': conversion from 'double' to 'float', possible loss of data
c:\users\kevin\source\repos\dm hw 2\dm hw 2\dm hw 2.cpp(121): warning C4244: '=': conversion from 'double' to 'float', possible loss of data
c:\users\kevin\source\repos\dm hw 2\dm hw 2\dm hw 2.cpp(123): warning C4244: '=': conversion from 'double' to 'float', possible loss of data
c:\users\kevin\source\repos\dm hw 2\dm hw 2\dm hw 2.cpp(124): warning C4244: '=': conversion from 'double' to 'float', possible loss of data
c:\users\kevin\source\repos\dm hw 2\dm hw 2\dm hw 2.cpp(125): warning C4244: '=': conversion from 'double' to 'float', possible loss of data
c:\users\kevin\source\repos\dm hw 2\dm hw 2\dm hw 2.cpp(148): warning C4244: '=': conversion from 'double' to 'float', possible loss of data
c:\users\kevin\source\repos\dm hw 2\dm hw 2\dm hw 2.cpp(149): warning C4244: '=': conversion from 'double' to 'float', possible loss of data
c:\users\kevin\source\repos\dm hw 2\dm hw 2\dm hw 2.cpp(150): warning C4244: '=': conversion from 'double' to 'float', possible loss of data
c:\users\kevin\source\repos\dm hw 2\dm hw 2\dm hw 2.cpp(157): warning C4244: '=': conversion from 'double' to 'float', possible loss of data
c:\users\kevin\source\repos\dm hw 2\dm hw 2\dm hw 2.cpp(159): warning C4244: '=': conversion from 'double' to 'float', possible loss of data
c:\users\kevin\source\repos\dm hw 2\dm hw 2\dm hw 2.cpp(160): warning C4244: '=': conversion from 'double' to 'float', possible loss of data
c:\users\kevin\source\repos\dm hw 2\dm hw 2\dm hw 2.cpp(161): warning C4244: '=': conversion from 'double' to 'float', possible loss of data
c:\users\kevin\source\repos\dm hw 2\dm hw 2\dm hw 2.cpp(184): warning C4244: '=': conversion from 'double' to 'float', possible loss of data
c:\users\kevin\source\repos\dm hw 2\dm hw 2\dm hw 2.cpp(185): warning C4244: '=': conversion from 'double' to 'float', possible loss of data
c:\users\kevin\source\repos\dm hw 2\dm hw 2\dm hw 2.cpp(186): warning C4244: '=': conversion from 'double' to 'float', possible loss of data
c:\users\kevin\source\repos\dm hw 2\dm hw 2\dm hw 2.cpp(193): warning C4244: '=': conversion from 'double' to 'float', possible loss of data
c:\users\kevin\source\repos\dm hw 2\dm hw 2\dm hw 2.cpp(195): warning C4244: '=': conversion from 'double' to 'float', possible loss of data
c:\users\kevin\source\repos\dm hw 2\dm hw 2\dm hw 2.cpp(196): warning C4244: '=': conversion from 'double' to 'float', possible loss of data
c:\users\kevin\source\repos\dm hw 2\dm hw 2\dm hw 2.cpp(197): warning C4244: '=': conversion from 'double' to 'float', possible loss of data
c:\users\kevin\source\repos\dm hw 2\dm hw 2\dm hw 2.cpp(221): warning C4244: '=': conversion from 'double' to 'float', possible loss of data
c:\users\kevin\source\repos\dm hw 2\dm hw 2\dm hw 2.cpp(222): warning C4244: '=': conversion from 'double' to 'float', possible loss of data
c:\users\kevin\source\repos\dm hw 2\dm hw 2\dm hw 2.cpp(223): warning C4244: '=': conversion from 'double' to 'float', possible loss of data
c:\users\kevin\source\repos\dm hw 2\dm hw 2\dm hw 2.cpp(230): warning C4244: '=': conversion from 'double' to 'float', possible loss of data
c:\users\kevin\source\repos\dm hw 2\dm hw 2\dm hw 2.cpp(232): warning C4244: '=': conversion from 'double' to 'float', possible loss of data
c:\users\kevin\source\repos\dm hw 2\dm hw 2\dm hw 2.cpp(233): warning C4244: '=': conversion from 'double' to 'float', possible loss of data
c:\users\kevin\source\repos\dm hw 2\dm hw 2\dm hw 2.cpp(234): warning C4244: '=': conversion from 'double' to 'float', possible loss of data
c:\users\kevin\source\repos\dm hw 2\dm hw 2\dm hw 2.cpp(58): warning C4101: 'xi': unreferenced local variable
c:\users\kevin\source\repos\dm hw 2\dm hw 2\dm hw 2.cpp(272): warning C4244: '=': conversion from 'float' to 'int', possible loss of data
c:\users\kevin\source\repos\dm hw 2\dm hw 2\dm hw 2.cpp(282): warning C4244: '=': conversion from 'double' to 'float', possible loss of data
c:\users\kevin\source\repos\dm hw 2\dm hw 2\dm hw 2.cpp(283): warning C4244: '=': conversion from 'double' to 'float', possible loss of data
c:\users\kevin\source\repos\dm hw 2\dm hw 2\dm hw 2.cpp(284): warning C4244: '=': conversion from 'double' to 'float', possible loss of data
c:\users\kevin\source\repos\dm hw 2\dm hw 2\dm hw 2.cpp(285): warning C4244: '=': conversion from 'double' to 'float', possible loss of data
c:\users\kevin\source\repos\dm hw 2\dm hw 2\dm hw 2.cpp(303): warning C4244: '=': conversion from 'float' to 'int', possible loss of data
  DM Hw 2.vcxproj -> C:\Users\Kevin\Source\Repos\DM Hw 2\x64\Debug\DM Hw 2.exe
